<!DOCTYPE suite SYSTEM "https://testng.org/testng-1.0.dtd">
<suite name="API Test Suite">
    <test name="API Tests">
        <packages>
            <package name="api.tests.*"/>
        </packages>
    </test>
</suite>