<!DOCTYPE suite SYSTEM "https://testng.org/testng-1.0.dtd">
<suite name="UI Test Suite">
    <test name="UI Tests">
        <packages>
            <package name="ui.tests.*"/>
        </packages>
    </test>
</suite>